2019-10-29 09:43:03,842 [Worker-2: Loading available Gradle versions] INFO  o.e.b.c.i.u.g.PublishedGradleVersions - Gradle version information cache is not available. Remote download required.
2019-10-29 09:52:42,500 [Worker-25: Update Maven projects configuration] INFO  o.e.m.c.i.p.ProjectConfigurationManager - Update started
2019-10-29 09:52:43,503 [Worker-25: Update Maven projects configuration] INFO  o.e.m.c.i.e.AbstractTransferListenerAdapter - Downloading https://repo.maven.apache.org/maven2/org/apache/maven/plugins/maven-surefire-plugin/2.12.4/maven-surefire-plugin-2.12.4.jar
2019-10-29 09:52:43,570 [Worker-25: Update Maven projects configuration] INFO  o.e.m.c.i.e.AbstractTransferListenerAdapter - Downloaded https://repo.maven.apache.org/maven2/org/apache/maven/plugins/maven-surefire-plugin/2.12.4/maven-surefire-plugin-2.12.4.jar
2019-10-29 09:52:45,439 [Worker-25: Update Maven projects configuration] INFO  o.e.m.c.i.l.LifecycleMappingFactory - Using org.eclipse.m2e.jdt.JarLifecycleMapping lifecycle mapping for MavenProject: com.tutorial:2_DependencyInjectionSpring:1.0-SNAPSHOT @ C:\Users\bojan.stanisic\Desktop\Spring\1. Spring Core\2_DependencyInjectionSpring\pom.xml.
2019-10-29 09:52:45,592 [Worker-25: Update Maven projects configuration] INFO  o.e.m.c.i.e.AbstractTransferListenerAdapter - Downloading https://repo.maven.apache.org/maven2/org/springframework/spring-context/5.1.0.RELEASE/spring-context-5.1.0.RELEASE.pom
2019-10-29 09:52:45,621 [Worker-25: Update Maven projects configuration] INFO  o.e.m.c.i.e.AbstractTransferListenerAdapter - Downloaded https://repo.maven.apache.org/maven2/org/springframework/spring-context/5.1.0.RELEASE/spring-context-5.1.0.RELEASE.pom
2019-10-29 09:52:45,653 [Worker-25: Update Maven projects configuration] INFO  o.e.m.c.i.e.AbstractTransferListenerAdapter - Downloading https://repo.maven.apache.org/maven2/org/springframework/spring-aop/5.1.0.RELEASE/spring-aop-5.1.0.RELEASE.pom
2019-10-29 09:52:45,683 [Worker-25: Update Maven projects configuration] INFO  o.e.m.c.i.e.AbstractTransferListenerAdapter - Downloaded https://repo.maven.apache.org/maven2/org/springframework/spring-aop/5.1.0.RELEASE/spring-aop-5.1.0.RELEASE.pom
2019-10-29 09:52:45,714 [Worker-25: Update Maven projects configuration] INFO  o.e.m.c.i.e.AbstractTransferListenerAdapter - Downloading https://repo.maven.apache.org/maven2/org/springframework/spring-beans/5.1.0.RELEASE/spring-beans-5.1.0.RELEASE.pom
2019-10-29 09:52:45,780 [Worker-25: Update Maven projects configuration] INFO  o.e.m.c.i.e.AbstractTransferListenerAdapter - Downloaded https://repo.maven.apache.org/maven2/org/springframework/spring-beans/5.1.0.RELEASE/spring-beans-5.1.0.RELEASE.pom
2019-10-29 09:52:45,812 [Worker-25: Update Maven projects configuration] INFO  o.e.m.c.i.e.AbstractTransferListenerAdapter - Downloading https://repo.maven.apache.org/maven2/org/springframework/spring-core/5.1.0.RELEASE/spring-core-5.1.0.RELEASE.pom
2019-10-29 09:52:45,845 [Worker-25: Update Maven projects configuration] INFO  o.e.m.c.i.e.AbstractTransferListenerAdapter - Downloaded https://repo.maven.apache.org/maven2/org/springframework/spring-core/5.1.0.RELEASE/spring-core-5.1.0.RELEASE.pom
2019-10-29 09:52:45,879 [Worker-25: Update Maven projects configuration] INFO  o.e.m.c.i.e.AbstractTransferListenerAdapter - Downloading https://repo.maven.apache.org/maven2/org/springframework/spring-jcl/5.1.0.RELEASE/spring-jcl-5.1.0.RELEASE.pom
2019-10-29 09:52:45,909 [Worker-25: Update Maven projects configuration] INFO  o.e.m.c.i.e.AbstractTransferListenerAdapter - Downloaded https://repo.maven.apache.org/maven2/org/springframework/spring-jcl/5.1.0.RELEASE/spring-jcl-5.1.0.RELEASE.pom
2019-10-29 09:52:45,942 [Worker-25: Update Maven projects configuration] INFO  o.e.m.c.i.e.AbstractTransferListenerAdapter - Downloading https://repo.maven.apache.org/maven2/org/springframework/spring-expression/5.1.0.RELEASE/spring-expression-5.1.0.RELEASE.pom
2019-10-29 09:52:45,976 [Worker-25: Update Maven projects configuration] INFO  o.e.m.c.i.e.AbstractTransferListenerAdapter - Downloaded https://repo.maven.apache.org/maven2/org/springframework/spring-expression/5.1.0.RELEASE/spring-expression-5.1.0.RELEASE.pom
2019-10-29 09:52:46,016 [Worker-25: Update Maven projects configuration] INFO  o.e.m.c.i.e.AbstractTransferListenerAdapter - Downloading https://repo.maven.apache.org/maven2/org/springframework/spring-context/5.1.0.RELEASE/spring-context-5.1.0.RELEASE.jar
2019-10-29 09:52:46,428 [Worker-25: Update Maven projects configuration] INFO  o.e.m.c.i.e.AbstractTransferListenerAdapter - Downloaded https://repo.maven.apache.org/maven2/org/springframework/spring-context/5.1.0.RELEASE/spring-context-5.1.0.RELEASE.jar
2019-10-29 09:52:46,454 [Worker-25: Update Maven projects configuration] INFO  o.e.m.c.i.e.AbstractTransferListenerAdapter - Downloading https://repo.maven.apache.org/maven2/org/springframework/spring-aop/5.1.0.RELEASE/spring-aop-5.1.0.RELEASE.jar
2019-10-29 09:52:46,588 [Worker-25: Update Maven projects configuration] INFO  o.e.m.c.i.e.AbstractTransferListenerAdapter - Downloaded https://repo.maven.apache.org/maven2/org/springframework/spring-aop/5.1.0.RELEASE/spring-aop-5.1.0.RELEASE.jar
2019-10-29 09:52:46,617 [Worker-25: Update Maven projects configuration] INFO  o.e.m.c.i.e.AbstractTransferListenerAdapter - Downloading https://repo.maven.apache.org/maven2/org/springframework/spring-beans/5.1.0.RELEASE/spring-beans-5.1.0.RELEASE.jar
2019-10-29 09:52:46,845 [Worker-25: Update Maven projects configuration] INFO  o.e.m.c.i.e.AbstractTransferListenerAdapter - Downloaded https://repo.maven.apache.org/maven2/org/springframework/spring-beans/5.1.0.RELEASE/spring-beans-5.1.0.RELEASE.jar
2019-10-29 09:52:46,880 [Worker-25: Update Maven projects configuration] INFO  o.e.m.c.i.e.AbstractTransferListenerAdapter - Downloading https://repo.maven.apache.org/maven2/org/springframework/spring-core/5.1.0.RELEASE/spring-core-5.1.0.RELEASE.jar
2019-10-29 09:52:47,249 [Worker-25: Update Maven projects configuration] INFO  o.e.m.c.i.e.AbstractTransferListenerAdapter - Downloaded https://repo.maven.apache.org/maven2/org/springframework/spring-core/5.1.0.RELEASE/spring-core-5.1.0.RELEASE.jar
2019-10-29 09:52:47,274 [Worker-25: Update Maven projects configuration] INFO  o.e.m.c.i.e.AbstractTransferListenerAdapter - Downloading https://repo.maven.apache.org/maven2/org/springframework/spring-jcl/5.1.0.RELEASE/spring-jcl-5.1.0.RELEASE.jar
2019-10-29 09:52:47,303 [Worker-25: Update Maven projects configuration] INFO  o.e.m.c.i.e.AbstractTransferListenerAdapter - Downloaded https://repo.maven.apache.org/maven2/org/springframework/spring-jcl/5.1.0.RELEASE/spring-jcl-5.1.0.RELEASE.jar
2019-10-29 09:52:47,330 [Worker-25: Update Maven projects configuration] INFO  o.e.m.c.i.e.AbstractTransferListenerAdapter - Downloading https://repo.maven.apache.org/maven2/org/springframework/spring-expression/5.1.0.RELEASE/spring-expression-5.1.0.RELEASE.jar
2019-10-29 09:52:47,421 [Worker-25: Update Maven projects configuration] INFO  o.e.m.c.i.e.AbstractTransferListenerAdapter - Downloaded https://repo.maven.apache.org/maven2/org/springframework/spring-expression/5.1.0.RELEASE/spring-expression-5.1.0.RELEASE.jar
2019-10-29 09:52:48,002 [Worker-25: Update Maven projects configuration] INFO  o.e.m.c.i.e.AbstractTransferListenerAdapter - Downloading https://repo.maven.apache.org/maven2/org/apache/maven/plugins/maven-surefire-plugin/2.12.4/maven-surefire-plugin-2.12.4.pom
2019-10-29 09:52:48,035 [Worker-25: Update Maven projects configuration] INFO  o.e.m.c.i.e.AbstractTransferListenerAdapter - Downloaded https://repo.maven.apache.org/maven2/org/apache/maven/plugins/maven-surefire-plugin/2.12.4/maven-surefire-plugin-2.12.4.pom
2019-10-29 09:52:48,072 [Worker-25: Update Maven projects configuration] INFO  o.e.m.c.i.e.AbstractTransferListenerAdapter - Downloading https://repo.maven.apache.org/maven2/org/apache/maven/surefire/surefire/2.12.4/surefire-2.12.4.pom
2019-10-29 09:52:48,104 [Worker-25: Update Maven projects configuration] INFO  o.e.m.c.i.e.AbstractTransferListenerAdapter - Downloaded https://repo.maven.apache.org/maven2/org/apache/maven/surefire/surefire/2.12.4/surefire-2.12.4.pom
2019-10-29 09:52:50,064 [Worker-25: Update Maven projects configuration] INFO  o.e.m.j.i.AbstractJavaProjectConfigurator - Adding source folder /2_DependencyInjectionSpring/src/main/java
2019-10-29 09:52:50,093 [Worker-25: Update Maven projects configuration] INFO  o.e.m.j.i.AbstractJavaProjectConfigurator - Adding source folder /2_DependencyInjectionSpring/src/test/java
2019-10-29 09:52:50,263 [Worker-24: Updating Maven Dependencies] INFO  o.e.m.c.i.l.LifecycleMappingFactory - Using org.eclipse.m2e.jdt.JarLifecycleMapping lifecycle mapping for MavenProject: com.tutorial:6_InjectingValuesBySpEL:1.0-SNAPSHOT @ C:\Users\bojan.stanisic\Desktop\Spring\1. Spring Core\6_InjectingValuesBySpEL\pom.xml.
2019-10-29 09:52:50,551 [Worker-24: Building workspace] INFO  o.e.m.c.i.l.LifecycleMappingFactory - Using org.eclipse.m2e.jdt.JarLifecycleMapping lifecycle mapping for MavenProject: com.tutorial:10_BeanInstantiationMode:1.0-SNAPSHOT @ C:\Users\bojan.stanisic\Desktop\Spring\1. Spring Core\10_BeanInstantiationMode\pom.xml.
2019-10-29 09:52:50,676 [Worker-15: Download sources and javadoc] INFO  o.e.m.c.i.e.AbstractTransferListenerAdapter - Downloading https://repo.maven.apache.org/maven2/org/springframework/spring-context/5.1.0.RELEASE/spring-context-5.1.0.RELEASE-sources.jar
2019-10-29 09:52:50,946 [Worker-24: Building workspace] INFO  o.e.m.c.i.embedder.EclipseLogger - Using 'UTF-8' encoding to copy filtered resources.
2019-10-29 09:52:50,947 [Worker-24: Building workspace] INFO  o.e.m.c.i.embedder.EclipseLogger - skip non existing resourceDirectory C:\Users\bojan.stanisic\Desktop\Spring\1. Spring Core\10_BeanInstantiationMode\src\main\resources
2019-10-29 09:52:50,951 [Worker-24: Building workspace] INFO  o.e.m.c.i.embedder.EclipseLogger - Using 'UTF-8' encoding to copy filtered resources.
2019-10-29 09:52:50,952 [Worker-24: Building workspace] INFO  o.e.m.c.i.embedder.EclipseLogger - skip non existing resourceDirectory C:\Users\bojan.stanisic\Desktop\Spring\1. Spring Core\10_BeanInstantiationMode\src\test\resources
2019-10-29 09:52:51,011 [Worker-15: Download sources and javadoc] INFO  o.e.m.c.i.e.AbstractTransferListenerAdapter - Downloaded https://repo.maven.apache.org/maven2/org/springframework/spring-context/5.1.0.RELEASE/spring-context-5.1.0.RELEASE-sources.jar
2019-10-29 09:52:51,053 [Worker-24: Building workspace] INFO  o.e.m.c.i.l.LifecycleMappingFactory - Using org.eclipse.m2e.jdt.JarLifecycleMapping lifecycle mapping for MavenProject: com.tutorial:11_AutowiringQualifierPrimary:1.0-SNAPSHOT @ C:\Users\bojan.stanisic\Desktop\Spring\1. Spring Core\11_AutowiringQualifierPrimary\pom.xml.
2019-10-29 09:52:51,146 [Worker-15: Download sources and javadoc] INFO  o.e.m.j.internal.DownloadSourcesJob - Downloaded sources for org.springframework:spring-context:5.1.0.RELEASE
2019-10-29 09:52:51,556 [Worker-15: Download sources and javadoc] INFO  o.e.m.c.i.e.AbstractTransferListenerAdapter - Downloading https://repo.maven.apache.org/maven2/org/springframework/spring-aop/5.1.0.RELEASE/spring-aop-5.1.0.RELEASE-sources.jar
2019-10-29 09:52:51,623 [Worker-24: Building workspace] INFO  o.e.m.c.i.embedder.EclipseLogger - Using 'UTF-8' encoding to copy filtered resources.
2019-10-29 09:52:51,624 [Worker-24: Building workspace] INFO  o.e.m.c.i.embedder.EclipseLogger - skip non existing resourceDirectory C:\Users\bojan.stanisic\Desktop\Spring\1. Spring Core\11_AutowiringQualifierPrimary\src\main\resources
2019-10-29 09:52:51,625 [Worker-24: Building workspace] INFO  o.e.m.c.i.embedder.EclipseLogger - Using 'UTF-8' encoding to copy filtered resources.
2019-10-29 09:52:51,626 [Worker-24: Building workspace] INFO  o.e.m.c.i.embedder.EclipseLogger - skip non existing resourceDirectory C:\Users\bojan.stanisic\Desktop\Spring\1. Spring Core\11_AutowiringQualifierPrimary\src\test\resources
2019-10-29 09:52:51,754 [Worker-15: Download sources and javadoc] INFO  o.e.m.c.i.e.AbstractTransferListenerAdapter - Downloaded https://repo.maven.apache.org/maven2/org/springframework/spring-aop/5.1.0.RELEASE/spring-aop-5.1.0.RELEASE-sources.jar
2019-10-29 09:52:51,800 [Worker-15: Download sources and javadoc] INFO  o.e.m.j.internal.DownloadSourcesJob - Downloaded sources for org.springframework:spring-aop:5.1.0.RELEASE
2019-10-29 09:52:51,829 [Worker-24: Building workspace] INFO  o.e.m.c.i.l.LifecycleMappingFactory - Using org.eclipse.m2e.jdt.JarLifecycleMapping lifecycle mapping for MavenProject: com.tutorial:1_DependencyInjection:1.0-SNAPSHOT @ C:\Users\bojan.stanisic\Desktop\Spring\1. Spring Core\1_DependencyInjection\pom.xml.
2019-10-29 09:52:51,934 [Worker-24: Building workspace] INFO  o.e.m.c.i.embedder.EclipseLogger - Using 'UTF-8' encoding to copy filtered resources.
2019-10-29 09:52:51,935 [Worker-24: Building workspace] INFO  o.e.m.c.i.embedder.EclipseLogger - skip non existing resourceDirectory C:\Users\bojan.stanisic\Desktop\Spring\1. Spring Core\1_DependencyInjection\src\main\resources
2019-10-29 09:52:51,936 [Worker-24: Building workspace] INFO  o.e.m.c.i.embedder.EclipseLogger - Using 'UTF-8' encoding to copy filtered resources.
2019-10-29 09:52:51,936 [Worker-24: Building workspace] INFO  o.e.m.c.i.embedder.EclipseLogger - skip non existing resourceDirectory C:\Users\bojan.stanisic\Desktop\Spring\1. Spring Core\1_DependencyInjection\src\test\resources
2019-10-29 09:52:51,963 [Worker-15: Download sources and javadoc] INFO  o.e.m.c.i.e.AbstractTransferListenerAdapter - Downloading https://repo.maven.apache.org/maven2/org/springframework/spring-beans/5.1.0.RELEASE/spring-beans-5.1.0.RELEASE-sources.jar
2019-10-29 09:52:52,149 [Worker-15: Download sources and javadoc] INFO  o.e.m.c.i.e.AbstractTransferListenerAdapter - Downloaded https://repo.maven.apache.org/maven2/org/springframework/spring-beans/5.1.0.RELEASE/spring-beans-5.1.0.RELEASE-sources.jar
2019-10-29 09:52:52,305 [Worker-15: Download sources and javadoc] INFO  o.e.m.j.internal.DownloadSourcesJob - Downloaded sources for org.springframework:spring-beans:5.1.0.RELEASE
2019-10-29 09:52:52,493 [Worker-15: Download sources and javadoc] INFO  o.e.m.c.i.e.AbstractTransferListenerAdapter - Downloading https://repo.maven.apache.org/maven2/org/springframework/spring-core/5.1.0.RELEASE/spring-core-5.1.0.RELEASE-sources.jar
2019-10-29 09:52:52,618 [Worker-24: Building workspace] INFO  o.e.m.c.i.embedder.EclipseLogger - Using 'UTF-8' encoding to copy filtered resources.
2019-10-29 09:52:52,618 [Worker-24: Building workspace] INFO  o.e.m.c.i.embedder.EclipseLogger - skip non existing resourceDirectory C:\Users\bojan.stanisic\Desktop\Spring\1. Spring Core\2_DependencyInjectionSpring\src\main\resources
2019-10-29 09:52:52,620 [Worker-24: Building workspace] INFO  o.e.m.c.i.embedder.EclipseLogger - Using 'UTF-8' encoding to copy filtered resources.
2019-10-29 09:52:52,620 [Worker-24: Building workspace] INFO  o.e.m.c.i.embedder.EclipseLogger - skip non existing resourceDirectory C:\Users\bojan.stanisic\Desktop\Spring\1. Spring Core\2_DependencyInjectionSpring\src\test\resources
2019-10-29 09:52:52,736 [Worker-24: Building workspace] INFO  o.e.m.c.i.l.LifecycleMappingFactory - Using org.eclipse.m2e.jdt.JarLifecycleMapping lifecycle mapping for MavenProject: com.tutorial:3_ApplicationContextAutoConfiguration:1.0-SNAPSHOT @ C:\Users\bojan.stanisic\Desktop\Spring\1. Spring Core\3_ApplicationContextAutoConfiguration\pom.xml.
2019-10-29 09:52:52,806 [Worker-15: Download sources and javadoc] INFO  o.e.m.c.i.e.AbstractTransferListenerAdapter - Downloaded https://repo.maven.apache.org/maven2/org/springframework/spring-core/5.1.0.RELEASE/spring-core-5.1.0.RELEASE-sources.jar
2019-10-29 09:52:52,938 [Worker-24: Building workspace] INFO  o.e.m.c.i.embedder.EclipseLogger - Using 'UTF-8' encoding to copy filtered resources.
2019-10-29 09:52:52,938 [Worker-24: Building workspace] INFO  o.e.m.c.i.embedder.EclipseLogger - skip non existing resourceDirectory C:\Users\bojan.stanisic\Desktop\Spring\1. Spring Core\3_ApplicationContextAutoConfiguration\src\main\resources
2019-10-29 09:52:52,939 [Worker-24: Building workspace] INFO  o.e.m.c.i.embedder.EclipseLogger - Using 'UTF-8' encoding to copy filtered resources.
2019-10-29 09:52:52,940 [Worker-24: Building workspace] INFO  o.e.m.c.i.embedder.EclipseLogger - skip non existing resourceDirectory C:\Users\bojan.stanisic\Desktop\Spring\1. Spring Core\3_ApplicationContextAutoConfiguration\src\test\resources
2019-10-29 09:52:53,009 [Worker-15: Download sources and javadoc] INFO  o.e.m.j.internal.DownloadSourcesJob - Downloaded sources for org.springframework:spring-core:5.1.0.RELEASE
2019-10-29 09:52:53,138 [Worker-24: Building workspace] INFO  o.e.m.c.i.l.LifecycleMappingFactory - Using org.eclipse.m2e.jdt.JarLifecycleMapping lifecycle mapping for MavenProject: com.tutorial:4_ConstructorInjection:1.0-SNAPSHOT @ C:\Users\bojan.stanisic\Desktop\Spring\1. Spring Core\4_ConstructorInjection\pom.xml.
2019-10-29 09:52:53,181 [Worker-15: Download sources and javadoc] INFO  o.e.m.c.i.e.AbstractTransferListenerAdapter - Downloading https://repo.maven.apache.org/maven2/org/springframework/spring-jcl/5.1.0.RELEASE/spring-jcl-5.1.0.RELEASE-sources.jar
2019-10-29 09:52:53,234 [Worker-15: Download sources and javadoc] INFO  o.e.m.c.i.e.AbstractTransferListenerAdapter - Downloaded https://repo.maven.apache.org/maven2/org/springframework/spring-jcl/5.1.0.RELEASE/spring-jcl-5.1.0.RELEASE-sources.jar
2019-10-29 09:52:53,268 [Worker-15: Download sources and javadoc] INFO  o.e.m.j.internal.DownloadSourcesJob - Downloaded sources for org.springframework:spring-jcl:5.1.0.RELEASE
2019-10-29 09:52:53,370 [Worker-24: Building workspace] INFO  o.e.m.c.i.embedder.EclipseLogger - Using 'UTF-8' encoding to copy filtered resources.
2019-10-29 09:52:53,371 [Worker-24: Building workspace] INFO  o.e.m.c.i.embedder.EclipseLogger - skip non existing resourceDirectory C:\Users\bojan.stanisic\Desktop\Spring\1. Spring Core\4_ConstructorInjection\src\main\resources
2019-10-29 09:52:53,373 [Worker-24: Building workspace] INFO  o.e.m.c.i.embedder.EclipseLogger - Using 'UTF-8' encoding to copy filtered resources.
2019-10-29 09:52:53,374 [Worker-24: Building workspace] INFO  o.e.m.c.i.embedder.EclipseLogger - skip non existing resourceDirectory C:\Users\bojan.stanisic\Desktop\Spring\1. Spring Core\4_ConstructorInjection\src\test\resources
2019-10-29 09:52:53,424 [Worker-15: Download sources and javadoc] INFO  o.e.m.c.i.e.AbstractTransferListenerAdapter - Downloading https://repo.maven.apache.org/maven2/org/springframework/spring-expression/5.1.0.RELEASE/spring-expression-5.1.0.RELEASE-sources.jar
2019-10-29 09:52:53,553 [Worker-15: Download sources and javadoc] INFO  o.e.m.c.i.e.AbstractTransferListenerAdapter - Downloaded https://repo.maven.apache.org/maven2/org/springframework/spring-expression/5.1.0.RELEASE/spring-expression-5.1.0.RELEASE-sources.jar
2019-10-29 09:52:53,572 [Worker-24: Building workspace] INFO  o.e.m.c.i.l.LifecycleMappingFactory - Using org.eclipse.m2e.jdt.JarLifecycleMapping lifecycle mapping for MavenProject: com.tutorial:5_FieldInjection_Avoid:1.0-SNAPSHOT @ C:\Users\bojan.stanisic\Desktop\Spring\1. Spring Core\5_FieldInjection_Avoid\pom.xml.
2019-10-29 09:52:53,585 [Worker-15: Download sources and javadoc] INFO  o.e.m.j.internal.DownloadSourcesJob - Downloaded sources for org.springframework:spring-expression:5.1.0.RELEASE
2019-10-29 09:52:53,715 [Worker-24: Building workspace] INFO  o.e.m.c.i.embedder.EclipseLogger - Using 'UTF-8' encoding to copy filtered resources.
2019-10-29 09:52:53,716 [Worker-24: Building workspace] INFO  o.e.m.c.i.embedder.EclipseLogger - skip non existing resourceDirectory C:\Users\bojan.stanisic\Desktop\Spring\1. Spring Core\5_FieldInjection_Avoid\src\main\resources
2019-10-29 09:52:53,717 [Worker-24: Building workspace] INFO  o.e.m.c.i.embedder.EclipseLogger - Using 'UTF-8' encoding to copy filtered resources.
2019-10-29 09:52:53,717 [Worker-24: Building workspace] INFO  o.e.m.c.i.embedder.EclipseLogger - skip non existing resourceDirectory C:\Users\bojan.stanisic\Desktop\Spring\1. Spring Core\5_FieldInjection_Avoid\src\test\resources
2019-10-29 09:52:53,737 [Worker-24: Building workspace] INFO  o.e.m.c.i.embedder.EclipseLogger - Using 'UTF-8' encoding to copy filtered resources.
2019-10-29 09:52:53,738 [Worker-24: Building workspace] INFO  o.e.m.c.i.embedder.EclipseLogger - skip non existing resourceDirectory C:\Users\bojan.stanisic\Desktop\Spring\1. Spring Core\6_InjectingValuesBySpEL\src\main\resources
2019-10-29 09:52:53,763 [Worker-24: Building workspace] INFO  o.e.m.c.i.embedder.EclipseLogger - Using 'UTF-8' encoding to copy filtered resources.
2019-10-29 09:52:53,763 [Worker-24: Building workspace] INFO  o.e.m.c.i.embedder.EclipseLogger - skip non existing resourceDirectory C:\Users\bojan.stanisic\Desktop\Spring\1. Spring Core\6_InjectingValuesBySpEL\src\test\resources
2019-10-29 09:52:53,767 [Worker-15: Download sources and javadoc] INFO  o.e.m.j.internal.DownloadSourcesJob - Downloaded sources for org.springframework:spring-context:5.1.0.RELEASE
2019-10-29 09:52:53,776 [Worker-15: Download sources and javadoc] INFO  o.e.m.j.internal.DownloadSourcesJob - Downloaded sources for org.springframework:spring-aop:5.1.0.RELEASE
2019-10-29 09:52:53,780 [Worker-15: Download sources and javadoc] INFO  o.e.m.j.internal.DownloadSourcesJob - Downloaded sources for org.springframework:spring-beans:5.1.0.RELEASE
2019-10-29 09:52:53,784 [Worker-15: Download sources and javadoc] INFO  o.e.m.j.internal.DownloadSourcesJob - Downloaded sources for org.springframework:spring-core:5.1.0.RELEASE
2019-10-29 09:52:53,788 [Worker-15: Download sources and javadoc] INFO  o.e.m.j.internal.DownloadSourcesJob - Downloaded sources for org.springframework:spring-jcl:5.1.0.RELEASE
2019-10-29 09:52:53,890 [Worker-24: Building workspace] INFO  o.e.m.c.i.l.LifecycleMappingFactory - Using org.eclipse.m2e.jdt.JarLifecycleMapping lifecycle mapping for MavenProject: com.tutorial:7_ApplicationContextNesting:1.0-SNAPSHOT @ C:\Users\bojan.stanisic\Desktop\Spring\1. Spring Core\7_ApplicationContextNesting\pom.xml.
2019-10-29 09:52:53,937 [Worker-15: Download sources and javadoc] INFO  o.e.m.j.internal.DownloadSourcesJob - Downloaded sources for org.springframework:spring-expression:5.1.0.RELEASE
2019-10-29 09:52:54,013 [Worker-24: Building workspace] INFO  o.e.m.c.i.embedder.EclipseLogger - Using 'UTF-8' encoding to copy filtered resources.
2019-10-29 09:52:54,013 [Worker-24: Building workspace] INFO  o.e.m.c.i.embedder.EclipseLogger - skip non existing resourceDirectory C:\Users\bojan.stanisic\Desktop\Spring\1. Spring Core\7_ApplicationContextNesting\src\main\resources
2019-10-29 09:52:54,016 [Worker-24: Building workspace] INFO  o.e.m.c.i.embedder.EclipseLogger - Using 'UTF-8' encoding to copy filtered resources.
2019-10-29 09:52:54,016 [Worker-24: Building workspace] INFO  o.e.m.c.i.embedder.EclipseLogger - skip non existing resourceDirectory C:\Users\bojan.stanisic\Desktop\Spring\1. Spring Core\7_ApplicationContextNesting\src\test\resources
2019-10-29 09:52:54,102 [Worker-15: Download sources and javadoc] INFO  o.e.m.j.internal.DownloadSourcesJob - Downloaded sources for org.springframework:spring-context:5.1.0.RELEASE
2019-10-29 09:52:54,106 [Worker-15: Download sources and javadoc] INFO  o.e.m.j.internal.DownloadSourcesJob - Downloaded sources for org.springframework:spring-aop:5.1.0.RELEASE
2019-10-29 09:52:54,118 [Worker-15: Download sources and javadoc] INFO  o.e.m.j.internal.DownloadSourcesJob - Downloaded sources for org.springframework:spring-beans:5.1.0.RELEASE
2019-10-29 09:52:54,122 [Worker-15: Download sources and javadoc] INFO  o.e.m.j.internal.DownloadSourcesJob - Downloaded sources for org.springframework:spring-core:5.1.0.RELEASE
2019-10-29 09:52:54,126 [Worker-15: Download sources and javadoc] INFO  o.e.m.j.internal.DownloadSourcesJob - Downloaded sources for org.springframework:spring-jcl:5.1.0.RELEASE
2019-10-29 09:52:54,130 [Worker-15: Download sources and javadoc] INFO  o.e.m.j.internal.DownloadSourcesJob - Downloaded sources for org.springframework:spring-expression:5.1.0.RELEASE
2019-10-29 09:52:54,155 [Worker-15: Download sources and javadoc] INFO  o.e.m.j.internal.DownloadSourcesJob - Downloaded sources for org.springframework:spring-aop:5.1.0.RELEASE
2019-10-29 09:52:54,160 [Worker-15: Download sources and javadoc] INFO  o.e.m.j.internal.DownloadSourcesJob - Downloaded sources for org.springframework:spring-beans:5.1.0.RELEASE
2019-10-29 09:52:54,164 [Worker-15: Download sources and javadoc] INFO  o.e.m.j.internal.DownloadSourcesJob - Downloaded sources for org.springframework:spring-core:5.1.0.RELEASE
2019-10-29 09:52:54,167 [Worker-15: Download sources and javadoc] INFO  o.e.m.j.internal.DownloadSourcesJob - Downloaded sources for org.springframework:spring-jcl:5.1.0.RELEASE
2019-10-29 09:52:54,171 [Worker-15: Download sources and javadoc] INFO  o.e.m.j.internal.DownloadSourcesJob - Downloaded sources for org.springframework:spring-expression:5.1.0.RELEASE
2019-10-29 09:52:54,178 [Worker-15: Download sources and javadoc] INFO  o.e.m.j.internal.DownloadSourcesJob - Downloaded sources for org.springframework:spring-jcl:5.1.0.RELEASE
2019-10-29 09:52:54,181 [Worker-15: Download sources and javadoc] INFO  o.e.m.j.internal.DownloadSourcesJob - Downloaded sources for org.springframework:spring-expression:5.1.0.RELEASE
2019-10-29 09:52:54,204 [Worker-24: Building workspace] INFO  o.e.m.c.i.l.LifecycleMappingFactory - Using org.eclipse.m2e.jdt.JarLifecycleMapping lifecycle mapping for MavenProject: com.tutorial:8_InjectingCollections:1.0-SNAPSHOT @ C:\Users\bojan.stanisic\Desktop\Spring\1. Spring Core\8_InjectingCollections\pom.xml.
2019-10-29 09:52:54,262 [Worker-15: Download sources and javadoc] INFO  o.e.m.j.internal.DownloadSourcesJob - Downloaded sources for org.springframework:spring-expression:5.1.0.RELEASE
2019-10-29 09:52:54,299 [Worker-24: Building workspace] INFO  o.e.m.c.i.embedder.EclipseLogger - Using 'UTF-8' encoding to copy filtered resources.
2019-10-29 09:52:54,299 [Worker-24: Building workspace] INFO  o.e.m.c.i.embedder.EclipseLogger - skip non existing resourceDirectory C:\Users\bojan.stanisic\Desktop\Spring\1. Spring Core\8_InjectingCollections\src\main\resources
2019-10-29 09:52:54,300 [Worker-24: Building workspace] INFO  o.e.m.c.i.embedder.EclipseLogger - Using 'UTF-8' encoding to copy filtered resources.
2019-10-29 09:52:54,301 [Worker-24: Building workspace] INFO  o.e.m.c.i.embedder.EclipseLogger - skip non existing resourceDirectory C:\Users\bojan.stanisic\Desktop\Spring\1. Spring Core\8_InjectingCollections\src\test\resources
2019-10-29 09:52:54,680 [Worker-17: Building workspace] INFO  o.e.m.c.i.embedder.EclipseLogger - Using 'UTF-8' encoding to copy filtered resources.
2019-10-29 09:52:54,680 [Worker-17: Building workspace] INFO  o.e.m.c.i.embedder.EclipseLogger - skip non existing resourceDirectory C:\Users\bojan.stanisic\Desktop\Spring\1. Spring Core\2_DependencyInjectionSpring\src\main\resources
2019-10-29 09:52:54,682 [Worker-17: Building workspace] INFO  o.e.m.c.i.embedder.EclipseLogger - Using 'UTF-8' encoding to copy filtered resources.
2019-10-29 09:52:54,683 [Worker-17: Building workspace] INFO  o.e.m.c.i.embedder.EclipseLogger - skip non existing resourceDirectory C:\Users\bojan.stanisic\Desktop\Spring\1. Spring Core\2_DependencyInjectionSpring\src\test\resources
2019-10-29 09:52:54,759 [Worker-17: Building workspace] INFO  o.e.m.c.i.l.LifecycleMappingFactory - Using org.eclipse.m2e.jdt.JarLifecycleMapping lifecycle mapping for MavenProject: com.tutorial:9_InjectionOfLookupMethod:1.0-SNAPSHOT @ C:\Users\bojan.stanisic\Desktop\Spring\1. Spring Core\9_InjectionOfLookupMethod\pom.xml.
2019-10-29 09:52:54,859 [Worker-17: Building workspace] INFO  o.e.m.c.i.embedder.EclipseLogger - Using 'UTF-8' encoding to copy filtered resources.
2019-10-29 09:52:54,860 [Worker-17: Building workspace] INFO  o.e.m.c.i.embedder.EclipseLogger - skip non existing resourceDirectory C:\Users\bojan.stanisic\Desktop\Spring\1. Spring Core\9_InjectionOfLookupMethod\src\main\resources
2019-10-29 09:52:54,861 [Worker-17: Building workspace] INFO  o.e.m.c.i.embedder.EclipseLogger - Using 'UTF-8' encoding to copy filtered resources.
2019-10-29 09:52:54,861 [Worker-17: Building workspace] INFO  o.e.m.c.i.embedder.EclipseLogger - skip non existing resourceDirectory C:\Users\bojan.stanisic\Desktop\Spring\1. Spring Core\9_InjectionOfLookupMethod\src\test\resources
2019-10-29 09:52:55,186 [Worker-25: Update Maven projects configuration] INFO  o.e.m.c.i.p.ProjectConfigurationManager - Update completed: 12 sec
2019-10-29 09:52:55,188 [Worker-25: Update Maven projects configuration] INFO  o.e.m.c.i.p.ProjectConfigurationManager - Update started
2019-10-29 09:52:56,103 [Worker-25: Update Maven projects configuration] INFO  o.e.m.c.i.l.LifecycleMappingFactory - Using org.eclipse.m2e.jdt.JarLifecycleMapping lifecycle mapping for MavenProject: com.tutorial:11_AutowiringQualifierPrimary:1.0-SNAPSHOT @ C:\Users\bojan.stanisic\Desktop\Spring\1. Spring Core\11_AutowiringQualifierPrimary\pom.xml.
2019-10-29 09:52:56,168 [Worker-25: Update Maven projects configuration] INFO  o.e.m.c.i.l.LifecycleMappingFactory - Using org.eclipse.m2e.jdt.JarLifecycleMapping lifecycle mapping for MavenProject: com.tutorial:9_InjectionOfLookupMethod:1.0-SNAPSHOT @ C:\Users\bojan.stanisic\Desktop\Spring\1. Spring Core\9_InjectionOfLookupMethod\pom.xml.
2019-10-29 09:52:56,200 [Worker-25: Update Maven projects configuration] INFO  o.e.m.c.i.l.LifecycleMappingFactory - Using org.eclipse.m2e.jdt.JarLifecycleMapping lifecycle mapping for MavenProject: com.tutorial:7_ApplicationContextNesting:1.0-SNAPSHOT @ C:\Users\bojan.stanisic\Desktop\Spring\1. Spring Core\7_ApplicationContextNesting\pom.xml.
2019-10-29 09:52:56,232 [Worker-25: Update Maven projects configuration] INFO  o.e.m.c.i.l.LifecycleMappingFactory - Using org.eclipse.m2e.jdt.JarLifecycleMapping lifecycle mapping for MavenProject: com.tutorial:2_DependencyInjectionSpring:1.0-SNAPSHOT @ C:\Users\bojan.stanisic\Desktop\Spring\1. Spring Core\2_DependencyInjectionSpring\pom.xml.
2019-10-29 09:52:56,281 [Worker-25: Update Maven projects configuration] INFO  o.e.m.c.i.l.LifecycleMappingFactory - Using org.eclipse.m2e.jdt.JarLifecycleMapping lifecycle mapping for MavenProject: com.tutorial:6_InjectingValuesBySpEL:1.0-SNAPSHOT @ C:\Users\bojan.stanisic\Desktop\Spring\1. Spring Core\6_InjectingValuesBySpEL\pom.xml.
2019-10-29 09:52:56,318 [Worker-25: Update Maven projects configuration] INFO  o.e.m.c.i.l.LifecycleMappingFactory - Using org.eclipse.m2e.jdt.JarLifecycleMapping lifecycle mapping for MavenProject: com.tutorial:1_DependencyInjection:1.0-SNAPSHOT @ C:\Users\bojan.stanisic\Desktop\Spring\1. Spring Core\1_DependencyInjection\pom.xml.
2019-10-29 09:52:56,347 [Worker-25: Update Maven projects configuration] INFO  o.e.m.c.i.l.LifecycleMappingFactory - Using org.eclipse.m2e.jdt.JarLifecycleMapping lifecycle mapping for MavenProject: com.tutorial:5_FieldInjection_Avoid:1.0-SNAPSHOT @ C:\Users\bojan.stanisic\Desktop\Spring\1. Spring Core\5_FieldInjection_Avoid\pom.xml.
2019-10-29 09:52:56,394 [Worker-25: Update Maven projects configuration] INFO  o.e.m.c.i.l.LifecycleMappingFactory - Using org.eclipse.m2e.jdt.JarLifecycleMapping lifecycle mapping for MavenProject: com.tutorial:3_ApplicationContextAutoConfiguration:1.0-SNAPSHOT @ C:\Users\bojan.stanisic\Desktop\Spring\1. Spring Core\3_ApplicationContextAutoConfiguration\pom.xml.
2019-10-29 09:52:56,424 [Worker-25: Update Maven projects configuration] INFO  o.e.m.c.i.l.LifecycleMappingFactory - Using org.eclipse.m2e.jdt.JarLifecycleMapping lifecycle mapping for MavenProject: com.tutorial:4_ConstructorInjection:1.0-SNAPSHOT @ C:\Users\bojan.stanisic\Desktop\Spring\1. Spring Core\4_ConstructorInjection\pom.xml.
2019-10-29 09:52:56,457 [Worker-25: Update Maven projects configuration] INFO  o.e.m.c.i.l.LifecycleMappingFactory - Using org.eclipse.m2e.jdt.JarLifecycleMapping lifecycle mapping for MavenProject: com.tutorial:10_BeanInstantiationMode:1.0-SNAPSHOT @ C:\Users\bojan.stanisic\Desktop\Spring\1. Spring Core\10_BeanInstantiationMode\pom.xml.
2019-10-29 09:52:56,507 [Worker-25: Update Maven projects configuration] INFO  o.e.m.c.i.l.LifecycleMappingFactory - Using org.eclipse.m2e.jdt.JarLifecycleMapping lifecycle mapping for MavenProject: com.tutorial:8_InjectingCollections:1.0-SNAPSHOT @ C:\Users\bojan.stanisic\Desktop\Spring\1. Spring Core\8_InjectingCollections\pom.xml.
2019-10-29 09:52:57,386 [Worker-25: Update Maven projects configuration] INFO  o.e.m.j.i.AbstractJavaProjectConfigurator - Adding source folder /11_AutowiringQualifierPrimary/src/main/java
2019-10-29 09:52:57,396 [Worker-25: Update Maven projects configuration] INFO  o.e.m.j.i.AbstractJavaProjectConfigurator - Adding source folder /11_AutowiringQualifierPrimary/src/test/java
2019-10-29 09:52:57,694 [Worker-25: Update Maven projects configuration] INFO  o.e.m.j.i.AbstractJavaProjectConfigurator - Adding source folder /8_InjectingCollections/src/main/java
2019-10-29 09:52:57,701 [Worker-25: Update Maven projects configuration] INFO  o.e.m.j.i.AbstractJavaProjectConfigurator - Adding source folder /8_InjectingCollections/src/test/java
2019-10-29 09:52:58,043 [Worker-25: Update Maven projects configuration] INFO  o.e.m.j.i.AbstractJavaProjectConfigurator - Adding source folder /4_ConstructorInjection/src/main/java
2019-10-29 09:52:58,051 [Worker-25: Update Maven projects configuration] INFO  o.e.m.j.i.AbstractJavaProjectConfigurator - Adding source folder /4_ConstructorInjection/src/test/java
2019-10-29 09:52:58,339 [Worker-25: Update Maven projects configuration] INFO  o.e.m.j.i.AbstractJavaProjectConfigurator - Adding source folder /6_InjectingValuesBySpEL/src/main/java
2019-10-29 09:52:58,348 [Worker-25: Update Maven projects configuration] INFO  o.e.m.j.i.AbstractJavaProjectConfigurator - Adding source folder /6_InjectingValuesBySpEL/src/test/java
2019-10-29 09:53:03,989 [Worker-25: Update Maven projects configuration] INFO  o.e.m.j.i.AbstractJavaProjectConfigurator - Adding source folder /7_ApplicationContextNesting/src/main/java
2019-10-29 09:53:03,997 [Worker-25: Update Maven projects configuration] INFO  o.e.m.j.i.AbstractJavaProjectConfigurator - Adding source folder /7_ApplicationContextNesting/src/test/java
2019-10-29 09:53:04,302 [Worker-25: Update Maven projects configuration] INFO  o.e.m.j.i.AbstractJavaProjectConfigurator - Adding source folder /5_FieldInjection_Avoid/src/main/java
2019-10-29 09:53:04,311 [Worker-25: Update Maven projects configuration] INFO  o.e.m.j.i.AbstractJavaProjectConfigurator - Adding source folder /5_FieldInjection_Avoid/src/test/java
2019-10-29 09:53:04,589 [Worker-25: Update Maven projects configuration] INFO  o.e.m.j.i.AbstractJavaProjectConfigurator - Adding source folder /1_DependencyInjection/src/main/java
2019-10-29 09:53:04,601 [Worker-25: Update Maven projects configuration] INFO  o.e.m.j.i.AbstractJavaProjectConfigurator - Adding source folder /1_DependencyInjection/src/test/java
2019-10-29 09:53:04,905 [Worker-25: Update Maven projects configuration] INFO  o.e.m.j.i.AbstractJavaProjectConfigurator - Adding source folder /3_ApplicationContextAutoConfiguration/src/main/java
2019-10-29 09:53:04,912 [Worker-25: Update Maven projects configuration] INFO  o.e.m.j.i.AbstractJavaProjectConfigurator - Adding source folder /3_ApplicationContextAutoConfiguration/src/test/java
2019-10-29 09:53:05,123 [Worker-25: Update Maven projects configuration] INFO  o.e.m.j.i.AbstractJavaProjectConfigurator - Adding source folder /9_InjectionOfLookupMethod/src/main/java
2019-10-29 09:53:05,135 [Worker-25: Update Maven projects configuration] INFO  o.e.m.j.i.AbstractJavaProjectConfigurator - Adding source folder /9_InjectionOfLookupMethod/src/test/java
2019-10-29 09:53:05,424 [Worker-25: Update Maven projects configuration] INFO  o.e.m.j.i.AbstractJavaProjectConfigurator - Adding source folder /10_BeanInstantiationMode/src/main/java
2019-10-29 09:53:05,432 [Worker-25: Update Maven projects configuration] INFO  o.e.m.j.i.AbstractJavaProjectConfigurator - Adding source folder /10_BeanInstantiationMode/src/test/java
2019-10-29 09:53:05,645 [Worker-25: Update Maven projects configuration] INFO  o.e.m.j.i.AbstractJavaProjectConfigurator - Adding source folder /2_DependencyInjectionSpring/src/main/java
2019-10-29 09:53:05,647 [Worker-25: Update Maven projects configuration] INFO  o.e.m.j.i.AbstractJavaProjectConfigurator - Adding source folder /2_DependencyInjectionSpring/src/test/java
2019-10-29 09:53:05,696 [Worker-25: Update Maven projects configuration] INFO  o.e.m.c.i.p.ProjectConfigurationManager - Update completed: 10 sec
2019-10-29 09:53:06,409 [Worker-23: Building workspace] INFO  o.e.m.c.i.embedder.EclipseLogger - Using 'UTF-8' encoding to copy filtered resources.
2019-10-29 09:53:06,410 [Worker-23: Building workspace] INFO  o.e.m.c.i.embedder.EclipseLogger - skip non existing resourceDirectory C:\Users\bojan.stanisic\Desktop\Spring\1. Spring Core\10_BeanInstantiationMode\src\main\resources
2019-10-29 09:53:06,421 [Worker-23: Building workspace] INFO  o.e.m.c.i.embedder.EclipseLogger - Using 'UTF-8' encoding to copy filtered resources.
2019-10-29 09:53:06,422 [Worker-23: Building workspace] INFO  o.e.m.c.i.embedder.EclipseLogger - skip non existing resourceDirectory C:\Users\bojan.stanisic\Desktop\Spring\1. Spring Core\10_BeanInstantiationMode\src\test\resources
2019-10-29 09:53:08,175 [Worker-23: Building workspace] INFO  o.e.m.c.i.embedder.EclipseLogger - Using 'UTF-8' encoding to copy filtered resources.
2019-10-29 09:53:08,175 [Worker-23: Building workspace] INFO  o.e.m.c.i.embedder.EclipseLogger - skip non existing resourceDirectory C:\Users\bojan.stanisic\Desktop\Spring\1. Spring Core\11_AutowiringQualifierPrimary\src\main\resources
2019-10-29 09:53:08,176 [Worker-23: Building workspace] INFO  o.e.m.c.i.embedder.EclipseLogger - Using 'UTF-8' encoding to copy filtered resources.
2019-10-29 09:53:08,177 [Worker-23: Building workspace] INFO  o.e.m.c.i.embedder.EclipseLogger - skip non existing resourceDirectory C:\Users\bojan.stanisic\Desktop\Spring\1. Spring Core\11_AutowiringQualifierPrimary\src\test\resources
2019-10-29 09:53:08,881 [Worker-23: Building workspace] INFO  o.e.m.c.i.embedder.EclipseLogger - Using 'UTF-8' encoding to copy filtered resources.
2019-10-29 09:53:08,882 [Worker-23: Building workspace] INFO  o.e.m.c.i.embedder.EclipseLogger - skip non existing resourceDirectory C:\Users\bojan.stanisic\Desktop\Spring\1. Spring Core\1_DependencyInjection\src\main\resources
2019-10-29 09:53:08,883 [Worker-23: Building workspace] INFO  o.e.m.c.i.embedder.EclipseLogger - Using 'UTF-8' encoding to copy filtered resources.
2019-10-29 09:53:08,883 [Worker-23: Building workspace] INFO  o.e.m.c.i.embedder.EclipseLogger - skip non existing resourceDirectory C:\Users\bojan.stanisic\Desktop\Spring\1. Spring Core\1_DependencyInjection\src\test\resources
2019-10-29 09:53:09,409 [Worker-23: Building workspace] INFO  o.e.m.c.i.embedder.EclipseLogger - Using 'UTF-8' encoding to copy filtered resources.
2019-10-29 09:53:09,410 [Worker-23: Building workspace] INFO  o.e.m.c.i.embedder.EclipseLogger - skip non existing resourceDirectory C:\Users\bojan.stanisic\Desktop\Spring\1. Spring Core\2_DependencyInjectionSpring\src\main\resources
2019-10-29 09:53:09,412 [Worker-23: Building workspace] INFO  o.e.m.c.i.embedder.EclipseLogger - Using 'UTF-8' encoding to copy filtered resources.
2019-10-29 09:53:09,413 [Worker-23: Building workspace] INFO  o.e.m.c.i.embedder.EclipseLogger - skip non existing resourceDirectory C:\Users\bojan.stanisic\Desktop\Spring\1. Spring Core\2_DependencyInjectionSpring\src\test\resources
2019-10-29 09:53:10,002 [Worker-23: Building workspace] INFO  o.e.m.c.i.embedder.EclipseLogger - Using 'UTF-8' encoding to copy filtered resources.
2019-10-29 09:53:10,002 [Worker-23: Building workspace] INFO  o.e.m.c.i.embedder.EclipseLogger - skip non existing resourceDirectory C:\Users\bojan.stanisic\Desktop\Spring\1. Spring Core\3_ApplicationContextAutoConfiguration\src\main\resources
2019-10-29 09:53:10,004 [Worker-23: Building workspace] INFO  o.e.m.c.i.embedder.EclipseLogger - Using 'UTF-8' encoding to copy filtered resources.
2019-10-29 09:53:10,004 [Worker-23: Building workspace] INFO  o.e.m.c.i.embedder.EclipseLogger - skip non existing resourceDirectory C:\Users\bojan.stanisic\Desktop\Spring\1. Spring Core\3_ApplicationContextAutoConfiguration\src\test\resources
2019-10-29 09:53:10,318 [Worker-23: Building workspace] INFO  o.e.m.c.i.embedder.EclipseLogger - Using 'UTF-8' encoding to copy filtered resources.
2019-10-29 09:53:10,318 [Worker-23: Building workspace] INFO  o.e.m.c.i.embedder.EclipseLogger - skip non existing resourceDirectory C:\Users\bojan.stanisic\Desktop\Spring\1. Spring Core\4_ConstructorInjection\src\main\resources
2019-10-29 09:53:10,320 [Worker-23: Building workspace] INFO  o.e.m.c.i.embedder.EclipseLogger - Using 'UTF-8' encoding to copy filtered resources.
2019-10-29 09:53:10,320 [Worker-23: Building workspace] INFO  o.e.m.c.i.embedder.EclipseLogger - skip non existing resourceDirectory C:\Users\bojan.stanisic\Desktop\Spring\1. Spring Core\4_ConstructorInjection\src\test\resources
2019-10-29 09:53:10,846 [Worker-23: Building workspace] INFO  o.e.m.c.i.embedder.EclipseLogger - Using 'UTF-8' encoding to copy filtered resources.
2019-10-29 09:53:10,847 [Worker-23: Building workspace] INFO  o.e.m.c.i.embedder.EclipseLogger - skip non existing resourceDirectory C:\Users\bojan.stanisic\Desktop\Spring\1. Spring Core\5_FieldInjection_Avoid\src\main\resources
2019-10-29 09:53:10,850 [Worker-23: Building workspace] INFO  o.e.m.c.i.embedder.EclipseLogger - Using 'UTF-8' encoding to copy filtered resources.
2019-10-29 09:53:10,851 [Worker-23: Building workspace] INFO  o.e.m.c.i.embedder.EclipseLogger - skip non existing resourceDirectory C:\Users\bojan.stanisic\Desktop\Spring\1. Spring Core\5_FieldInjection_Avoid\src\test\resources
2019-10-29 09:53:11,213 [Worker-23: Building workspace] INFO  o.e.m.c.i.embedder.EclipseLogger - Using 'UTF-8' encoding to copy filtered resources.
2019-10-29 09:53:11,213 [Worker-23: Building workspace] INFO  o.e.m.c.i.embedder.EclipseLogger - skip non existing resourceDirectory C:\Users\bojan.stanisic\Desktop\Spring\1. Spring Core\6_InjectingValuesBySpEL\src\main\resources
2019-10-29 09:53:11,216 [Worker-23: Building workspace] INFO  o.e.m.c.i.embedder.EclipseLogger - Using 'UTF-8' encoding to copy filtered resources.
2019-10-29 09:53:11,216 [Worker-23: Building workspace] INFO  o.e.m.c.i.embedder.EclipseLogger - skip non existing resourceDirectory C:\Users\bojan.stanisic\Desktop\Spring\1. Spring Core\6_InjectingValuesBySpEL\src\test\resources
2019-10-29 09:53:11,397 [Worker-23: Building workspace] INFO  o.e.m.c.i.embedder.EclipseLogger - Using 'UTF-8' encoding to copy filtered resources.
2019-10-29 09:53:11,397 [Worker-23: Building workspace] INFO  o.e.m.c.i.embedder.EclipseLogger - skip non existing resourceDirectory C:\Users\bojan.stanisic\Desktop\Spring\1. Spring Core\7_ApplicationContextNesting\src\main\resources
2019-10-29 09:53:11,399 [Worker-23: Building workspace] INFO  o.e.m.c.i.embedder.EclipseLogger - Using 'UTF-8' encoding to copy filtered resources.
2019-10-29 09:53:11,400 [Worker-23: Building workspace] INFO  o.e.m.c.i.embedder.EclipseLogger - skip non existing resourceDirectory C:\Users\bojan.stanisic\Desktop\Spring\1. Spring Core\7_ApplicationContextNesting\src\test\resources
2019-10-29 09:53:11,688 [Worker-23: Building workspace] INFO  o.e.m.c.i.embedder.EclipseLogger - Using 'UTF-8' encoding to copy filtered resources.
2019-10-29 09:53:11,688 [Worker-23: Building workspace] INFO  o.e.m.c.i.embedder.EclipseLogger - skip non existing resourceDirectory C:\Users\bojan.stanisic\Desktop\Spring\1. Spring Core\8_InjectingCollections\src\main\resources
2019-10-29 09:53:11,689 [Worker-23: Building workspace] INFO  o.e.m.c.i.embedder.EclipseLogger - Using 'UTF-8' encoding to copy filtered resources.
2019-10-29 09:53:11,690 [Worker-23: Building workspace] INFO  o.e.m.c.i.embedder.EclipseLogger - skip non existing resourceDirectory C:\Users\bojan.stanisic\Desktop\Spring\1. Spring Core\8_InjectingCollections\src\test\resources
2019-10-29 09:53:11,883 [Worker-23: Building workspace] INFO  o.e.m.c.i.embedder.EclipseLogger - Using 'UTF-8' encoding to copy filtered resources.
2019-10-29 09:53:11,884 [Worker-23: Building workspace] INFO  o.e.m.c.i.embedder.EclipseLogger - skip non existing resourceDirectory C:\Users\bojan.stanisic\Desktop\Spring\1. Spring Core\9_InjectionOfLookupMethod\src\main\resources
2019-10-29 09:53:11,885 [Worker-23: Building workspace] INFO  o.e.m.c.i.embedder.EclipseLogger - Using 'UTF-8' encoding to copy filtered resources.
2019-10-29 09:53:11,886 [Worker-23: Building workspace] INFO  o.e.m.c.i.embedder.EclipseLogger - skip non existing resourceDirectory C:\Users\bojan.stanisic\Desktop\Spring\1. Spring Core\9_InjectionOfLookupMethod\src\test\resources
2019-10-29 10:11:59,329 [ModalContext] INFO  o.e.m.c.i.e.AbstractTransferListenerAdapter - Downloading https://repo.maven.apache.org/maven2/org/apache/maven/archetypes/maven-archetype-quickstart/1.1/maven-archetype-quickstart-1.1.jar
2019-10-29 10:11:59,361 [ModalContext] INFO  o.e.m.c.i.e.AbstractTransferListenerAdapter - Downloaded https://repo.maven.apache.org/maven2/org/apache/maven/archetypes/maven-archetype-quickstart/1.1/maven-archetype-quickstart-1.1.jar
2019-10-29 10:11:59,393 [ModalContext] INFO  o.e.m.c.i.e.AbstractTransferListenerAdapter - Downloading https://repo.maven.apache.org/maven2/org/apache/maven/archetypes/maven-archetype-quickstart/1.1/maven-archetype-quickstart-1.1.pom
2019-10-29 10:11:59,425 [ModalContext] INFO  o.e.m.c.i.e.AbstractTransferListenerAdapter - Downloaded https://repo.maven.apache.org/maven2/org/apache/maven/archetypes/maven-archetype-quickstart/1.1/maven-archetype-quickstart-1.1.pom
2019-10-29 10:12:11,822 [Worker-22: Creating maven-archetype-quickstart] INFO  o.e.m.c.i.p.ProjectConfigurationManager - Collecting project info '/pom.xml' C:\Vjezba\b\pom.xml
2019-10-29 10:12:11,844 [Worker-22: Creating maven-archetype-quickstart] ERROR o.e.m.c.i.URLConnectionCaches - Unexpected URLConnection defaultUseCaches enabled
2019-10-29 10:12:11,907 [Worker-22: Creating maven-archetype-quickstart] INFO  o.e.m.c.i.l.LifecycleMappingFactory - Using org.eclipse.m2e.jdt.JarLifecycleMapping lifecycle mapping for MavenProject: a:b:0.0.1-SNAPSHOT @ C:\Vjezba\b\pom.xml.
2019-10-29 10:12:12,000 [Worker-22: Creating maven-archetype-quickstart] ERROR o.e.m.c.i.URLConnectionCaches - Unexpected URLConnection defaultUseCaches enabled
2019-10-29 10:12:12,018 [Worker-22: Creating maven-archetype-quickstart] INFO  o.e.m.j.i.AbstractJavaProjectConfigurator - Adding source folder /b/src/main/java
2019-10-29 10:12:12,024 [Worker-22: Creating maven-archetype-quickstart] INFO  o.e.m.j.i.AbstractJavaProjectConfigurator - Adding source folder /b/src/test/java
2019-10-29 10:12:12,114 [Worker-22: Creating maven-archetype-quickstart] INFO  o.e.m.c.i.p.ProjectConfigurationManager - Imported and configured 1 project(s) in 0 sec
2019-10-29 10:12:12,488 [Worker-30: Building workspace] ERROR o.e.m.c.i.URLConnectionCaches - Unexpected URLConnection defaultUseCaches enabled
2019-10-29 10:12:12,493 [Worker-30: Building workspace] INFO  o.e.m.c.i.embedder.EclipseLogger - Using 'UTF-8' encoding to copy filtered resources.
2019-10-29 10:12:12,493 [Worker-30: Building workspace] INFO  o.e.m.c.i.embedder.EclipseLogger - skip non existing resourceDirectory C:\Vjezba\b\src\main\resources
2019-10-29 10:12:12,494 [Worker-30: Building workspace] INFO  o.e.m.c.i.embedder.EclipseLogger - Using 'UTF-8' encoding to copy filtered resources.
2019-10-29 10:12:12,494 [Worker-30: Building workspace] INFO  o.e.m.c.i.embedder.EclipseLogger - skip non existing resourceDirectory C:\Vjezba\b\src\test\resources
2019-10-29 10:12:13,174 [Worker-31: Download sources and javadoc] INFO  o.e.m.c.i.e.AbstractTransferListenerAdapter - Downloading https://repo.maven.apache.org/maven2/junit/junit/3.8.1/junit-3.8.1-sources.jar
2019-10-29 10:12:13,266 [Worker-31: Download sources and javadoc] INFO  o.e.m.c.i.e.AbstractTransferListenerAdapter - Downloaded https://repo.maven.apache.org/maven2/junit/junit/3.8.1/junit-3.8.1-sources.jar
2019-10-29 10:12:13,347 [Worker-31: Download sources and javadoc] INFO  o.e.m.j.internal.DownloadSourcesJob - Downloaded sources for junit:junit:3.8.1
2019-10-29 10:12:13,352 [Worker-31: Download sources and javadoc] INFO  o.e.m.j.internal.DownloadSourcesJob - Downloaded sources for junit:junit:3.8.1
2019-10-29 10:12:13,566 [Worker-30: Building workspace] ERROR o.e.m.c.i.URLConnectionCaches - Unexpected URLConnection defaultUseCaches enabled
2019-10-29 10:12:13,570 [Worker-30: Building workspace] INFO  o.e.m.c.i.embedder.EclipseLogger - Using 'UTF-8' encoding to copy filtered resources.
2019-10-29 10:12:13,570 [Worker-30: Building workspace] INFO  o.e.m.c.i.embedder.EclipseLogger - skip non existing resourceDirectory C:\Vjezba\b\src\main\resources
2019-10-29 10:12:13,572 [Worker-30: Building workspace] INFO  o.e.m.c.i.embedder.EclipseLogger - Using 'UTF-8' encoding to copy filtered resources.
2019-10-29 10:12:13,572 [Worker-30: Building workspace] INFO  o.e.m.c.i.embedder.EclipseLogger - skip non existing resourceDirectory C:\Vjezba\b\src\test\resources
2019-10-29 10:15:56,562 [Worker-29: Updating Maven Dependencies] ERROR o.e.m.c.i.URLConnectionCaches - Unexpected URLConnection defaultUseCaches enabled
2019-10-29 10:16:32,090 [Worker-29: Creating project "tutorial"] ERROR o.e.m.c.i.URLConnectionCaches - Unexpected URLConnection defaultUseCaches enabled
2019-10-29 10:16:32,169 [Worker-29: Creating project "tutorial"] INFO  o.e.m.c.i.l.LifecycleMappingFactory - Using org.eclipse.m2e.jdt.JarLifecycleMapping lifecycle mapping for MavenProject: com:tutorial:0.0.1-SNAPSHOT @ C:\Vjezba\tutorial\pom.xml.
2019-10-29 10:16:32,226 [Worker-29: Creating project "tutorial"] ERROR o.e.m.c.i.URLConnectionCaches - Unexpected URLConnection defaultUseCaches enabled
2019-10-29 10:16:32,236 [Worker-29: Creating project "tutorial"] INFO  o.e.m.j.i.AbstractJavaProjectConfigurator - Adding source folder /tutorial/src/main/java
2019-10-29 10:16:32,237 [Worker-29: Creating project "tutorial"] INFO  o.e.m.j.i.AbstractJavaProjectConfigurator - Adding resource folder /tutorial/src/main/resources
2019-10-29 10:16:32,237 [Worker-29: Creating project "tutorial"] INFO  o.e.m.j.i.AbstractJavaProjectConfigurator - Adding source folder /tutorial/src/test/java
2019-10-29 10:16:32,238 [Worker-29: Creating project "tutorial"] INFO  o.e.m.j.i.AbstractJavaProjectConfigurator - Adding resource folder /tutorial/src/test/resources
2019-10-29 10:16:32,535 [Worker-29: Building workspace] ERROR o.e.m.c.i.URLConnectionCaches - Unexpected URLConnection defaultUseCaches enabled
2019-10-29 10:16:32,538 [Worker-29: Building workspace] WARN  o.e.m.c.i.embedder.EclipseLogger - Using platform encoding (Cp1252 actually) to copy filtered resources, i.e. build is platform dependent!
2019-10-29 10:16:32,549 [Worker-29: Building workspace] INFO  o.e.m.c.i.embedder.EclipseLogger - Copying 0 resource
2019-10-29 10:16:32,551 [Worker-29: Building workspace] WARN  o.e.m.c.i.embedder.EclipseLogger - Using platform encoding (Cp1252 actually) to copy filtered resources, i.e. build is platform dependent!
2019-10-29 10:16:32,552 [Worker-29: Building workspace] INFO  o.e.m.c.i.embedder.EclipseLogger - Copying 0 resource
2019-10-29 10:17:04,815 [Worker-34: Updating Maven Dependencies] ERROR o.e.m.c.i.URLConnectionCaches - Unexpected URLConnection defaultUseCaches enabled
2019-10-29 10:18:13,807 [Worker-34: Creating project "com.tutorial.bojan"] ERROR o.e.m.c.i.URLConnectionCaches - Unexpected URLConnection defaultUseCaches enabled
2019-10-29 10:18:13,881 [Worker-34: Creating project "com.tutorial.bojan"] INFO  o.e.m.c.i.l.LifecycleMappingFactory - Using org.eclipse.m2e.jdt.JarLifecycleMapping lifecycle mapping for MavenProject: 1_DependencyInjection:com.tutorial.bojan:0.0.1-SNAPSHOT @ C:\Vjezba\com.tutorial.bojan\pom.xml.
2019-10-29 10:18:13,972 [Worker-34: Creating project "com.tutorial.bojan"] ERROR o.e.m.c.i.URLConnectionCaches - Unexpected URLConnection defaultUseCaches enabled
2019-10-29 10:18:13,980 [Worker-34: Creating project "com.tutorial.bojan"] INFO  o.e.m.j.i.AbstractJavaProjectConfigurator - Adding source folder /com.tutorial.bojan/src/main/java
2019-10-29 10:18:13,981 [Worker-34: Creating project "com.tutorial.bojan"] INFO  o.e.m.j.i.AbstractJavaProjectConfigurator - Adding resource folder /com.tutorial.bojan/src/main/resources
2019-10-29 10:18:13,981 [Worker-34: Creating project "com.tutorial.bojan"] INFO  o.e.m.j.i.AbstractJavaProjectConfigurator - Adding source folder /com.tutorial.bojan/src/test/java
2019-10-29 10:18:13,982 [Worker-34: Creating project "com.tutorial.bojan"] INFO  o.e.m.j.i.AbstractJavaProjectConfigurator - Adding resource folder /com.tutorial.bojan/src/test/resources
2019-10-29 10:18:14,242 [Worker-29: Building workspace] ERROR o.e.m.c.i.URLConnectionCaches - Unexpected URLConnection defaultUseCaches enabled
2019-10-29 10:18:14,244 [Worker-29: Building workspace] WARN  o.e.m.c.i.embedder.EclipseLogger - Using platform encoding (Cp1252 actually) to copy filtered resources, i.e. build is platform dependent!
2019-10-29 10:18:14,246 [Worker-29: Building workspace] INFO  o.e.m.c.i.embedder.EclipseLogger - Copying 0 resource
2019-10-29 10:18:14,247 [Worker-29: Building workspace] WARN  o.e.m.c.i.embedder.EclipseLogger - Using platform encoding (Cp1252 actually) to copy filtered resources, i.e. build is platform dependent!
2019-10-29 10:18:14,249 [Worker-29: Building workspace] INFO  o.e.m.c.i.embedder.EclipseLogger - Copying 0 resource
2019-10-29 10:18:40,361 [Worker-33: Updating Maven Dependencies] ERROR o.e.m.c.i.URLConnectionCaches - Unexpected URLConnection defaultUseCaches enabled
2019-10-29 10:20:06,904 [Worker-34: Creating project "1_DependencyInjection_me"] ERROR o.e.m.c.i.URLConnectionCaches - Unexpected URLConnection defaultUseCaches enabled
2019-10-29 10:20:07,048 [Worker-34: Creating project "1_DependencyInjection_me"] INFO  o.e.m.c.i.l.LifecycleMappingFactory - Using org.eclipse.m2e.jdt.JarLifecycleMapping lifecycle mapping for MavenProject: com.tutorial.bojan:1_DependencyInjection_me:0.0.1-SNAPSHOT @ C:\Vjezba\1_DependencyInjection_me\pom.xml.
2019-10-29 10:20:07,106 [Worker-34: Creating project "1_DependencyInjection_me"] ERROR o.e.m.c.i.URLConnectionCaches - Unexpected URLConnection defaultUseCaches enabled
2019-10-29 10:20:07,116 [Worker-34: Creating project "1_DependencyInjection_me"] INFO  o.e.m.j.i.AbstractJavaProjectConfigurator - Adding source folder /1_DependencyInjection_me/src/main/java
2019-10-29 10:20:07,117 [Worker-34: Creating project "1_DependencyInjection_me"] INFO  o.e.m.j.i.AbstractJavaProjectConfigurator - Adding resource folder /1_DependencyInjection_me/src/main/resources
2019-10-29 10:20:07,118 [Worker-34: Creating project "1_DependencyInjection_me"] INFO  o.e.m.j.i.AbstractJavaProjectConfigurator - Adding source folder /1_DependencyInjection_me/src/test/java
2019-10-29 10:20:07,119 [Worker-34: Creating project "1_DependencyInjection_me"] INFO  o.e.m.j.i.AbstractJavaProjectConfigurator - Adding resource folder /1_DependencyInjection_me/src/test/resources
2019-10-29 10:20:07,378 [Worker-36: Building workspace] ERROR o.e.m.c.i.URLConnectionCaches - Unexpected URLConnection defaultUseCaches enabled
2019-10-29 10:20:07,382 [Worker-36: Building workspace] WARN  o.e.m.c.i.embedder.EclipseLogger - Using platform encoding (Cp1252 actually) to copy filtered resources, i.e. build is platform dependent!
2019-10-29 10:20:07,385 [Worker-36: Building workspace] INFO  o.e.m.c.i.embedder.EclipseLogger - Copying 0 resource
2019-10-29 10:20:07,388 [Worker-36: Building workspace] WARN  o.e.m.c.i.embedder.EclipseLogger - Using platform encoding (Cp1252 actually) to copy filtered resources, i.e. build is platform dependent!
2019-10-29 10:20:07,389 [Worker-36: Building workspace] INFO  o.e.m.c.i.embedder.EclipseLogger - Copying 0 resource
2019-10-30 12:41:35,152 [Worker-41: Building workspace] ERROR o.e.m.c.i.URLConnectionCaches - Unexpected URLConnection defaultUseCaches enabled
2019-10-30 12:41:35,181 [Worker-41: Building workspace] WARN  o.e.m.c.i.embedder.EclipseLogger - Using platform encoding (Cp1252 actually) to copy filtered resources, i.e. build is platform dependent!
2019-10-30 12:41:35,214 [Worker-41: Building workspace] INFO  o.e.m.c.i.embedder.EclipseLogger - Copying 0 resource
2019-10-30 12:41:35,217 [Worker-41: Building workspace] WARN  o.e.m.c.i.embedder.EclipseLogger - Using platform encoding (Cp1252 actually) to copy filtered resources, i.e. build is platform dependent!
2019-10-30 12:41:35,222 [Worker-41: Building workspace] INFO  o.e.m.c.i.embedder.EclipseLogger - Copying 0 resource
